# JRE version: Java(TM) SE Runtime Environment (8.0_60-b27) (build 1.8.0_60-b27)
# Java VM: Java HotSpot(TM) 64-Bit Server VM (25.60-b23 mixed mode windows-amd64 compressed oops)
Heap:
 PSYoungGen      total 68096K, used 41384K [0x00000000d6580000, 0x00000000db480000, 0x0000000100000000)
  eden space 58368K, 61% used [0x00000000d6580000,0x00000000d88acfc0,0x00000000d9e80000)
  from space 9728K, 55% used [0x00000000d9e80000,0x00000000da3bd310,0x00000000da800000)
  to   space 9728K, 0% used [0x00000000dab00000,0x00000000dab00000,0x00000000db480000)
 ParOldGen       total 52736K, used 7423K [0x0000000083000000, 0x0000000086380000, 0x00000000d6580000)
  object space 52736K, 14% used [0x0000000083000000,0x000000008373ffd8,0x0000000086380000)
 Metaspace       used 30728K, capacity 32955K, committed 33024K, reserved 1077248K
  class space    used 4136K, capacity 4547K, committed 4608K, reserved 1048576K
GC Heap History (10 events):
Event: 9.490 GC heap before
{Heap before GC invocations=8 (full 1):
 PSYoungGen      total 67584K, used 18848K [0x00000000d6580000, 0x00000000db180000, 0x0000000100000000)
  eden space 58368K, 23% used [0x00000000d6580000,0x00000000d72e2210,0x00000000d9e80000)
  from space 9216K, 55% used [0x00000000da880000,0x00000000dad85f88,0x00000000db180000)
  to   space 9728K, 0% used [0x00000000d9e80000,0x00000000d9e80000,0x00000000da800000)
 ParOldGen       total 52736K, used 7183K [0x0000000083000000, 0x0000000086380000, 0x00000000d6580000)
  object space 52736K, 13% used [0x0000000083000000,0x0000000083703c68,0x0000000086380000)
 Metaspace       used 24627K, capacity 26177K, committed 26240K, reserved 1077248K
  class space    used 3324K, capacity 3649K, committed 3712K, reserved 1048576K
Event: 9.509 GC heap after
Heap after GC invocations=8 (full 1):
 PSYoungGen      total 68096K, used 4502K [0x00000000d6580000, 0x00000000db180000, 0x0000000100000000)
  eden space 58368K, 0% used [0x00000000d6580000,0x00000000d6580000,0x00000000d9e80000)
  from space 9728K, 46% used [0x00000000d9e80000,0x00000000da2e58f8,0x00000000da800000)
  to   space 9216K, 0% used [0x00000000da880000,0x00000000da880000,0x00000000db180000)
 ParOldGen       total 52736K, used 7191K [0x0000000083000000, 0x0000000086380000, 0x00000000d6580000)
  object space 52736K, 13% used [0x0000000083000000,0x0000000083705c68,0x0000000086380000)
 Metaspace       used 24627K, capacity 26177K, committed 26240K, reserved 1077248K
  class space    used 3324K, capacity 3649K, committed 3712K, reserved 1048576K
}
Event: 9.509 GC heap before
{Heap before GC invocations=9 (full 2):
 PSYoungGen      total 68096K, used 4502K [0x00000000d6580000, 0x00000000db180000, 0x0000000100000000)
  eden space 58368K, 0% used [0x00000000d6580000,0x00000000d6580000,0x00000000d9e80000)
  from space 9728K, 46% used [0x00000000d9e80000,0x00000000da2e58f8,0x00000000da800000)
  to   space 9216K, 0% used [0x00000000da880000,0x00000000da880000,0x00000000db180000)
 ParOldGen       total 52736K, used 7191K [0x0000000083000000, 0x0000000086380000, 0x00000000d6580000)
  object space 52736K, 13% used [0x0000000083000000,0x0000000083705c68,0x0000000086380000)
 Metaspace       used 24627K, capacity 26177K, committed 26240K, reserved 1077248K
  class space    used 3324K, capacity 3649K, committed 3712K, reserved 1048576K
Event: 9.615 GC heap after
Heap after GC invocations=9 (full 2):
 PSYoungGen      total 68096K, used 0K [0x00000000d6580000, 0x00000000db180000, 0x0000000100000000)
  eden space 58368K, 0% used [0x00000000d6580000,0x00000000d6580000,0x00000000d9e80000)
  from space 9728K, 0% used [0x00000000d9e80000,0x00000000d9e80000,0x00000000da800000)
  to   space 9216K, 0% used [0x00000000da880000,0x00000000da880000,0x00000000db180000)
 ParOldGen       total 52736K, used 9100K [0x0000000083000000, 0x0000000086380000, 0x00000000d6580000)
  object space 52736K, 17% used [0x0000000083000000,0x00000000838e3378,0x0000000086380000)
 Metaspace       used 24627K, capacity 26177K, committed 26240K, reserved 1073152K
  class space    used 3324K, capacity 3649K, committed 3712K, reserved 1048576K
}
Event: 9.615 GC heap before
{Heap before GC invocations=10 (full 2):
 PSYoungGen      total 68096K, used 0K [0x00000000d6580000, 0x00000000db180000, 0x0000000100000000)
  eden space 58368K, 0% used [0x00000000d6580000,0x00000000d6580000,0x00000000d9e80000)
  from space 9728K, 0% used [0x00000000d9e80000,0x00000000d9e80000,0x00000000da800000)
  to   space 9216K, 0% used [0x00000000da880000,0x00000000da880000,0x00000000db180000)
 ParOldGen       total 52736K, used 9100K [0x0000000083000000, 0x0000000086380000, 0x00000000d6580000)
  object space 52736K, 17% used [0x0000000083000000,0x00000000838e3378,0x0000000086380000)
 Metaspace       used 24627K, capacity 26177K, committed 26240K, reserved 1077248K
  class space    used 3324K, capacity 3649K, committed 3712K, reserved 1048576K
Event: 9.620 GC heap after
Heap after GC invocations=10 (full 2):
 PSYoungGen      total 67584K, used 0K [0x00000000d6580000, 0x00000000db180000, 0x0000000100000000)
  eden space 58368K, 0% used [0x00000000d6580000,0x00000000d6580000,0x00000000d9e80000)
  from space 9216K, 0% used [0x00000000da880000,0x00000000da880000,0x00000000db180000)
  to   space 9728K, 0% used [0x00000000d9e80000,0x00000000d9e80000,0x00000000da800000)
 ParOldGen       total 52736K, used 9100K [0x0000000083000000, 0x0000000086380000, 0x00000000d6580000)
  object space 52736K, 17% used [0x0000000083000000,0x00000000838e3378,0x0000000086380000)
 Metaspace       used 24627K, capacity 26177K, committed 26240K, reserved 1077248K
  class space    used 3324K, capacity 3649K, committed 3712K, reserved 1048576K
}
Event: 9.620 GC heap before
{Heap before GC invocations=11 (full 3):
 PSYoungGen      total 67584K, used 0K [0x00000000d6580000, 0x00000000db180000, 0x0000000100000000)
  eden space 58368K, 0% used [0x00000000d6580000,0x00000000d6580000,0x00000000d9e80000)
  from space 9216K, 0% used [0x00000000da880000,0x00000000da880000,0x00000000db180000)
  to   space 9728K, 0% used [0x00000000d9e80000,0x00000000d9e80000,0x00000000da800000)
 ParOldGen       total 52736K, used 9100K [0x0000000083000000, 0x0000000086380000, 0x00000000d6580000)
  object space 52736K, 17% used [0x0000000083000000,0x00000000838e3378,0x0000000086380000)
 Metaspace       used 24627K, capacity 26177K, committed 26240K, reserved 1077248K
  class space    used 3324K, capacity 3649K, committed 3712K, reserved 1048576K
Event: 9.815 GC heap after
Heap after GC invocations=11 (full 3):
 PSYoungGen      total 67584K, used 0K [0x00000000d6580000, 0x00000000db180000, 0x0000000100000000)
  eden space 58368K, 0% used [0x00000000d6580000,0x00000000d6580000,0x00000000d9e80000)
  from space 9216K, 0% used [0x00000000da880000,0x00000000da880000,0x00000000db180000)
  to   space 9728K, 0% used [0x00000000d9e80000,0x00000000d9e80000,0x00000000da800000)
 ParOldGen       total 52736K, used 7415K [0x0000000083000000, 0x0000000086380000, 0x00000000d6580000)
  object space 52736K, 14% used [0x0000000083000000,0x000000008373dfd8,0x0000000086380000)
 Metaspace       used 24483K, capacity 25943K, committed 26240K, reserved 1073152K
  class space    used 3298K, capacity 3602K, committed 3712K, reserved 1048576K
}
Event: 11.086 GC heap before
{Heap before GC invocations=12 (full 3):
 PSYoungGen      total 67584K, used 58368K [0x00000000d6580000, 0x00000000db180000, 0x0000000100000000)
  eden space 58368K, 100% used [0x00000000d6580000,0x00000000d9e80000,0x00000000d9e80000)
  from space 9216K, 0% used [0x00000000da880000,0x00000000da880000,0x00000000db180000)
  to   space 9728K, 0% used [0x00000000d9e80000,0x00000000d9e80000,0x00000000da800000)
 ParOldGen       total 52736K, used 7415K [0x0000000083000000, 0x0000000086380000, 0x00000000d6580000)
  object space 52736K, 14% used [0x0000000083000000,0x000000008373dfd8,0x0000000086380000)
 Metaspace       used 28029K, capacity 29823K, committed 30080K, reserved 1075200K
  class space    used 3748K, capacity 4134K, committed 4224K, reserved 1048576K
Event: 11.111 GC heap after
Heap after GC invocations=12 (full 3):
 PSYoungGen      total 68096K, used 5364K [0x00000000d6580000, 0x00000000db480000, 0x0000000100000000)
  eden space 58368K, 0% used [0x00000000d6580000,0x00000000d6580000,0x00000000d9e80000)
  from space 9728K, 55% used [0x00000000d9e80000,0x00000000da3bd310,0x00000000da800000)
  to   space 9728K, 0% used [0x00000000dab00000,0x00000000dab00000,0x00000000db480000)
 ParOldGen       total 52736K, used 7423K [0x0000000083000000, 0x0000000086380000, 0x00000000d6580000)
  object space 52736K, 14% used [0x0000000083000000,0x000000008373ffd8,0x0000000086380000)
 Metaspace       used 28029K, capacity 29823K, committed 30080K, reserved 1075200K
  class space    used 3748K, capacity 4134K, committed 4224K, reserved 1048576K
}

