# JRE version: Java(TM) SE Runtime Environment (8.0_60-b27) (build 1.8.0_60-b27)
# Java VM: Java HotSpot(TM) 64-Bit Server VM (25.60-b23 mixed mode windows-amd64 compressed oops)
Heap:
 PSYoungGen      total 67072K, used 37976K [0x00000000d6580000, 0x00000000db080000, 0x0000000100000000)
  eden space 57344K, 57% used [0x00000000d6580000,0x00000000d85f26e8,0x00000000d9d80000)
  from space 9728K, 48% used [0x00000000da700000,0x00000000daba3a30,0x00000000db080000)
  to   space 9728K, 0% used [0x00000000d9d80000,0x00000000d9d80000,0x00000000da700000)
 ParOldGen       total 52224K, used 7625K [0x0000000083000000, 0x0000000086300000, 0x00000000d6580000)
  object space 52224K, 14% used [0x0000000083000000,0x0000000083772400,0x0000000086300000)
 Metaspace       used 24743K, capacity 26096K, committed 26496K, reserved 1073152K
  class space    used 3290K, capacity 3596K, committed 3712K, reserved 1048576K
GC Heap History (10 events):
Event: 7.668 GC heap before
{Heap before GC invocations=3 (full 0):
 PSYoungGen      total 37888K, used 37873K [0x00000000d6580000, 0x00000000d8f80000, 0x0000000100000000)
  eden space 32768K, 100% used [0x00000000d6580000,0x00000000d8580000,0x00000000d8580000)
  from space 5120K, 99% used [0x00000000d8a80000,0x00000000d8f7c418,0x00000000d8f80000)
  to   space 5120K, 0% used [0x00000000d8580000,0x00000000d8580000,0x00000000d8a80000)
 ParOldGen       total 86016K, used 929K [0x0000000083000000, 0x0000000088400000, 0x00000000d6580000)
  object space 86016K, 1% used [0x0000000083000000,0x00000000830e8668,0x0000000088400000)
 Metaspace       used 17334K, capacity 18216K, committed 18304K, reserved 1064960K
  class space    used 2223K, capacity 2432K, committed 2432K, reserved 1048576K
Event: 7.674 GC heap after
Heap after GC invocations=3 (full 0):
 PSYoungGen      total 37888K, used 5090K [0x00000000d6580000, 0x00000000d8f80000, 0x0000000100000000)
  eden space 32768K, 0% used [0x00000000d6580000,0x00000000d6580000,0x00000000d8580000)
  from space 5120K, 99% used [0x00000000d8580000,0x00000000d8a78998,0x00000000d8a80000)
  to   space 5120K, 0% used [0x00000000d8a80000,0x00000000d8a80000,0x00000000d8f80000)
 ParOldGen       total 86016K, used 3395K [0x0000000083000000, 0x0000000088400000, 0x00000000d6580000)
  object space 86016K, 3% used [0x0000000083000000,0x0000000083350d00,0x0000000088400000)
 Metaspace       used 17334K, capacity 18216K, committed 18304K, reserved 1064960K
  class space    used 2223K, capacity 2432K, committed 2432K, reserved 1048576K
}
Event: 7.856 GC heap before
{Heap before GC invocations=4 (full 0):
 PSYoungGen      total 37888K, used 34899K [0x00000000d6580000, 0x00000000d8f80000, 0x0000000100000000)
  eden space 32768K, 90% used [0x00000000d6580000,0x00000000d829c3c0,0x00000000d8580000)
  from space 5120K, 99% used [0x00000000d8580000,0x00000000d8a78998,0x00000000d8a80000)
  to   space 5120K, 0% used [0x00000000d8a80000,0x00000000d8a80000,0x00000000d8f80000)
 ParOldGen       total 86016K, used 3395K [0x0000000083000000, 0x0000000088400000, 0x00000000d6580000)
  object space 86016K, 3% used [0x0000000083000000,0x0000000083350d00,0x0000000088400000)
 Metaspace       used 20210K, capacity 21134K, committed 21296K, reserved 1067008K
  class space    used 2609K, capacity 2825K, committed 2944K, reserved 1048576K
Event: 7.863 GC heap after
Heap after GC invocations=4 (full 0):
 PSYoungGen      total 37888K, used 5101K [0x00000000d6580000, 0x00000000d8f80000, 0x0000000100000000)
  eden space 32768K, 0% used [0x00000000d6580000,0x00000000d6580000,0x00000000d8580000)
  from space 5120K, 99% used [0x00000000d8a80000,0x00000000d8f7b6e0,0x00000000d8f80000)
  to   space 5120K, 0% used [0x00000000d8580000,0x00000000d8580000,0x00000000d8a80000)
 ParOldGen       total 86016K, used 6066K [0x0000000083000000, 0x0000000088400000, 0x00000000d6580000)
  object space 86016K, 7% used [0x0000000083000000,0x00000000835eca18,0x0000000088400000)
 Metaspace       used 20210K, capacity 21134K, committed 21296K, reserved 1067008K
  class space    used 2609K, capacity 2825K, committed 2944K, reserved 1048576K
}
Event: 7.863 GC heap before
{Heap before GC invocations=5 (full 1):
 PSYoungGen      total 37888K, used 5101K [0x00000000d6580000, 0x00000000d8f80000, 0x0000000100000000)
  eden space 32768K, 0% used [0x00000000d6580000,0x00000000d6580000,0x00000000d8580000)
  from space 5120K, 99% used [0x00000000d8a80000,0x00000000d8f7b6e0,0x00000000d8f80000)
  to   space 5120K, 0% used [0x00000000d8580000,0x00000000d8580000,0x00000000d8a80000)
 ParOldGen       total 86016K, used 6066K [0x0000000083000000, 0x0000000088400000, 0x00000000d6580000)
  object space 86016K, 7% used [0x0000000083000000,0x00000000835eca18,0x0000000088400000)
 Metaspace       used 20210K, capacity 21134K, committed 21296K, reserved 1067008K
  class space    used 2609K, capacity 2825K, committed 2944K, reserved 1048576K
Event: 7.895 GC heap after
Heap after GC invocations=5 (full 1):
 PSYoungGen      total 37888K, used 0K [0x00000000d6580000, 0x00000000d8f80000, 0x0000000100000000)
  eden space 32768K, 0% used [0x00000000d6580000,0x00000000d6580000,0x00000000d8580000)
  from space 5120K, 0% used [0x00000000d8a80000,0x00000000d8a80000,0x00000000d8f80000)
  to   space 5120K, 0% used [0x00000000d8580000,0x00000000d8580000,0x00000000d8a80000)
 ParOldGen       total 52224K, used 7609K [0x0000000083000000, 0x0000000086300000, 0x00000000d6580000)
  object space 52224K, 14% used [0x0000000083000000,0x000000008376e400,0x0000000086300000)
 Metaspace       used 20210K, capacity 21134K, committed 21296K, reserved 1067008K
  class space    used 2609K, capacity 2825K, committed 2944K, reserved 1048576K
}
Event: 8.211 GC heap before
{Heap before GC invocations=6 (full 1):
 PSYoungGen      total 37888K, used 32768K [0x00000000d6580000, 0x00000000d8f80000, 0x0000000100000000)
  eden space 32768K, 100% used [0x00000000d6580000,0x00000000d8580000,0x00000000d8580000)
  from space 5120K, 0% used [0x00000000d8a80000,0x00000000d8a80000,0x00000000d8f80000)
  to   space 5120K, 0% used [0x00000000d8580000,0x00000000d8580000,0x00000000d8a80000)
 ParOldGen       total 52224K, used 7609K [0x0000000083000000, 0x0000000086300000, 0x00000000d6580000)
  object space 52224K, 14% used [0x0000000083000000,0x000000008376e400,0x0000000086300000)
 Metaspace       used 21448K, capacity 22554K, committed 22784K, reserved 1069056K
  class space    used 2787K, capacity 3035K, committed 3072K, reserved 1048576K
Event: 8.213 GC heap after
Heap after GC invocations=6 (full 1):
 PSYoungGen      total 37888K, used 3638K [0x00000000d6580000, 0x00000000db080000, 0x0000000100000000)
  eden space 32768K, 0% used [0x00000000d6580000,0x00000000d6580000,0x00000000d8580000)
  from space 5120K, 71% used [0x00000000d8580000,0x00000000d890dbf8,0x00000000d8a80000)
  to   space 9728K, 0% used [0x00000000da700000,0x00000000da700000,0x00000000db080000)
 ParOldGen       total 52224K, used 7617K [0x0000000083000000, 0x0000000086300000, 0x00000000d6580000)
  object space 52224K, 14% used [0x0000000083000000,0x0000000083770400,0x0000000086300000)
 Metaspace       used 21448K, capacity 22554K, committed 22784K, reserved 1069056K
  class space    used 2787K, capacity 3035K, committed 3072K, reserved 1048576K
}
Event: 8.548 GC heap before
{Heap before GC invocations=7 (full 1):
 PSYoungGen      total 37888K, used 36406K [0x00000000d6580000, 0x00000000db080000, 0x0000000100000000)
  eden space 32768K, 100% used [0x00000000d6580000,0x00000000d8580000,0x00000000d8580000)
  from space 5120K, 71% used [0x00000000d8580000,0x00000000d890dbf8,0x00000000d8a80000)
  to   space 9728K, 0% used [0x00000000da700000,0x00000000da700000,0x00000000db080000)
 ParOldGen       total 52224K, used 7617K [0x0000000083000000, 0x0000000086300000, 0x00000000d6580000)
  object space 52224K, 14% used [0x0000000083000000,0x0000000083770400,0x0000000086300000)
 Metaspace       used 22906K, capacity 24114K, committed 24320K, reserved 1071104K
  class space    used 3005K, capacity 3267K, committed 3328K, reserved 1048576K
Event: 8.552 GC heap after
Heap after GC invocations=7 (full 1):
 PSYoungGen      total 67072K, used 4750K [0x00000000d6580000, 0x00000000db080000, 0x0000000100000000)
  eden space 57344K, 0% used [0x00000000d6580000,0x00000000d6580000,0x00000000d9d80000)
  from space 9728K, 48% used [0x00000000da700000,0x00000000daba3a30,0x00000000db080000)
  to   space 9728K, 0% used [0x00000000d9d80000,0x00000000d9d80000,0x00000000da700000)
 ParOldGen       total 52224K, used 7625K [0x0000000083000000, 0x0000000086300000, 0x00000000d6580000)
  object space 52224K, 14% used [0x0000000083000000,0x0000000083772400,0x0000000086300000)
 Metaspace       used 22906K, capacity 24114K, committed 24320K, reserved 1071104K
  class space    used 3005K, capacity 3267K, committed 3328K, reserved 1048576K
}

